mktextfm ptmb8t
mktextfm ptmbi8t
mktextfm ptmri8t
mktextfm ptmbi8t
mktextfm phvb8t
mktextfm phvbo8t
mktextfm phvr8t
mktextfm phvro8t
mktextfm phvb8t
mktextfm phvr8t
mktextfm phvro8t
mktextfm phvr8t
mktextfm phvro8t
mktextfm phvr8t
mktextfm ptmr8t
mktextfm ptmri8t
mktextfm ptmr8t
mktextfm ptmr8t
mktextfm ptmb8t
mktextfm ptmbi8t
mktextfm ptmri8t
mktextfm ptmbi8t
mktextfm phvb8t
mktextfm phvbo8t
mktextfm phvr8t
mktextfm phvro8t
mktextfm phvb8t
mktextfm phvr8t
mktextfm phvro8t
mktextfm phvr8t
mktextfm phvro8t
mktextfm phvr8t
mktextfm ptmr8t
mktextfm ptmri8t
mktextfm ptmr8t
mktextfm ptmr8t
mktextfm ptmb8t
mktextfm ptmbi8t
mktextfm ptmri8t
mktextfm ptmbi8t
mktextfm phvb8t
mktextfm phvbo8t
mktextfm phvr8t
mktextfm phvro8t
mktextfm phvb8t
mktextfm phvr8t
mktextfm phvro8t
mktextfm phvr8t
mktextfm phvro8t
mktextfm phvr8t
mktextfm ptmr8t
mktextfm ptmri8t
mktextfm ptmr8t
mktextfm ptmr8t
mktextfm ptmb8t
mktextfm ptmbi8t
mktextfm ptmri8t
mktextfm ptmbi8t
mktextfm phvb8t
mktextfm phvbo8t
mktextfm phvr8t
mktextfm phvro8t
mktextfm phvb8t
mktextfm phvr8t
mktextfm phvro8t
mktextfm phvr8t
mktextfm phvro8t
mktextfm phvr8t
mktextfm ptmr8t
mktextfm ptmri8t
mktextfm ptmr8t
mktextfm ptmr8t
mktextfm dejavu
mktextfm ptmbi8t
mktextfm ptmri8t
mktextfm ptmbi8t
mktextfm phvb8t
mktextfm phvbo8t
mktextfm phvr8t
mktextfm phvro8t
mktextfm phvb8t
mktextfm phvr8t
mktextfm phvro8t
mktextfm phvr8t
mktextfm phvro8t
mktextfm phvr8t
mktextfm ptmr8t
mktextfm ptmri8t
mktextfm ptmr8t
mktextfm ptmr8t
mktextfm dejavu
mktextfm ptmbi8t
mktextfm ptmri8t
mktextfm ptmbi8t
mktextfm phvb8t
mktextfm phvbo8t
mktextfm phvr8t
mktextfm phvro8t
mktextfm phvb8t
mktextfm phvr8t
mktextfm phvro8t
mktextfm phvr8t
mktextfm phvro8t
mktextfm phvr8t
mktextfm ptmr8t
mktextfm ptmri8t
mktextfm ptmr8t
mktextfm ptmr8t
mktextfm timesbd
mktextfm timesbi
mktextfm timesi
mktextfm timesbi
mktextfm arialbd
mktextfm arialbi
mktextfm arial
mktextfm ariali
mktextfm arialbd
mktextfm arial
mktextfm ariali
mktextfm arial
mktextfm ariali
mktextfm arial
mktextfm times
mktextfm timesi
mktextfm times
mktextfm times
mktextfm ptmb8t
mktextfm ptmbi8t
mktextfm ptmri8t
mktextfm ptmbi8t
mktextfm phvb8t
mktextfm phvbo8t
mktextfm phvr8t
mktextfm phvro8t
mktextfm phvb8t
mktextfm phvr8t
mktextfm phvro8t
mktextfm phvr8t
mktextfm phvro8t
mktextfm phvr8t
mktextfm ptmr8t
mktextfm ptmri8t
mktextfm ptmr8t
mktextfm ptmr8t
mktextfm ptmb8t
mktextfm ptmbi8t
mktextfm ptmri8t
mktextfm ptmbi8t
mktextfm phvb8t
mktextfm phvbo8t
mktextfm phvr8t
mktextfm phvro8t
mktextfm phvb8t
mktextfm phvr8t
mktextfm phvro8t
mktextfm phvr8t
mktextfm phvro8t
mktextfm phvr8t
mktextfm ptmr8t
mktextfm ptmri8t
mktextfm ptmr8t
mktextfm ptmr8t
mktextfm iwona
mktextfm iwona
mktextfm iwona
mktextfm iwona
mktextfm iwona
mktextfm iwona
mktextfm iwona
mktextfm iwona
mktextfm iwona
mktextfm iwona
mktextfm iwona
mktextfm iwona
mktextfm iwona
mktextfm iwona
mktextfm iwona
mktextfm iwona
mktextfm iwona
mktextfm iwona
